2024/07/13 13:53:45 /Users/superman/Server/src/github.com/chaodoing/boot/database/func.go:19
[error] failed to initialize database, got error dial tcp 127.0.0.1:3306: connect: connection refused
2024/07/13 14:29:29 /Users/superman/Server/src/github.com/chaodoing/boot/database/func.go:19
[error] failed to initialize database, got error dial tcp 127.0.0.1:3306: connect: connection refused
2024/07/13 14:30:19 /Users/superman/Server/src/github.com/chaodoing/boot/database/func.go:19
[error] failed to initialize database, got error dial tcp 127.0.0.1:3306: connect: connection refused
2024/07/13 15:05:51 /Users/superman/Server/src/github.com/chaodoing/boot/database/func.go:19
[error] failed to initialize database, got error dial tcp 127.0.0.1:3306: connect: connection refused
2024/07/13 19:51:59 /Users/superman/Server/src/github.com/chaodoing/boot/database/func.go:19
[error] failed to initialize database, got error dial tcp 192.168.33.10:3306: connect: operation timed out
2024/07/13 19:52:16 /Users/superman/Server/src/github.com/chaodoing/boot/http/controllers/index.go:21
[2.506ms] [rows:1] SELECT `account`.`id`,`account`.`account`,`account`.`passwd`,`account`.`method`,`account`.`locked`,`account`.`created_at`,`account`.`updated_at` FROM `account`
2024/07/13 19:52:18 /Users/superman/Server/src/github.com/chaodoing/boot/http/controllers/index.go:21
[1.066ms] [rows:1] SELECT `account`.`id`,`account`.`account`,`account`.`passwd`,`account`.`method`,`account`.`locked`,`account`.`created_at`,`account`.`updated_at` FROM `account`
2024/07/13 20:01:35 /Users/superman/Server/src/github.com/chaodoing/boot/http/controllers/index.go:22
[1.011ms] [rows:1] SELECT `account`.`id`,`account`.`account`,`account`.`passwd`,`account`.`method`,`account`.`locked`,`account`.`created_at`,`account`.`updated_at` FROM `account`
2024/07/13 20:07:02 /Users/superman/Server/src/github.com/chaodoing/boot/http/controllers/index.go:22
[1.361ms] [rows:1] SELECT `account`.`id`,`account`.`account`,`account`.`passwd`,`account`.`method`,`account`.`locked`,`account`.`created_at`,`account`.`updated_at` FROM `account`
2024/07/13 20:07:11 /Users/superman/Server/src/github.com/chaodoing/boot/http/common/home.go:17
[0.872ms] [rows:1] SELECT `account`.`id`,`account`.`account`,`account`.`passwd`,`account`.`method`,`account`.`locked`,`account`.`created_at`,`account`.`updated_at` FROM `account` WHERE id = 1 ORDER BY `account`.`id` LIMIT 1
2024/07/13 20:07:14 /Users/superman/Server/src/github.com/chaodoing/boot/http/common/home.go:17
[1.118ms] [rows:1] SELECT `account`.`id`,`account`.`account`,`account`.`passwd`,`account`.`method`,`account`.`locked`,`account`.`created_at`,`account`.`updated_at` FROM `account` WHERE id = 1 ORDER BY `account`.`id` LIMIT 1
2024/07/13 20:07:18 /Users/superman/Server/src/github.com/chaodoing/boot/http/common/home.go:17
[0.902ms] [rows:1] SELECT `account`.`id`,`account`.`account`,`account`.`passwd`,`account`.`method`,`account`.`locked`,`account`.`created_at`,`account`.`updated_at` FROM `account` WHERE id = 1 ORDER BY `account`.`id` LIMIT 1
2024/07/13 20:07:41 /Users/superman/Server/src/github.com/chaodoing/boot/http/common/home.go:17
[1.036ms] [rows:1] SELECT `account`.`id`,`account`.`account`,`account`.`passwd`,`account`.`method`,`account`.`locked`,`account`.`created_at`,`account`.`updated_at` FROM `account` WHERE id = 1 ORDER BY `account`.`id` LIMIT 1
2024/07/13 20:07:45 /Users/superman/Server/src/github.com/chaodoing/boot/http/common/home.go:17
[1.981ms] [rows:1] SELECT `account`.`id`,`account`.`account`,`account`.`passwd`,`account`.`method`,`account`.`locked`,`account`.`created_at`,`account`.`updated_at` FROM `account` WHERE id = 1 ORDER BY `account`.`id` LIMIT 1
2024/07/13 20:36:51 /Users/superman/Server/src/github.com/chaodoing/boot/http/common/home.go:17
[2.098ms] [rows:1] SELECT `account`.`id`,`account`.`account`,`account`.`passwd`,`account`.`method`,`account`.`locked`,`account`.`created_at`,`account`.`updated_at` FROM `account` WHERE id = 1 ORDER BY `account`.`id` LIMIT 1
2024/07/13 20:37:33 /Users/superman/Server/src/github.com/chaodoing/boot/http/common/home.go:17
[0.867ms] [rows:1] SELECT `account`.`id`,`account`.`account`,`account`.`passwd`,`account`.`method`,`account`.`locked`,`account`.`created_at`,`account`.`updated_at` FROM `account` WHERE id = 1 ORDER BY `account`.`id` LIMIT 1
2024/07/13 20:38:41 /Users/superman/Server/src/github.com/chaodoing/boot/http/common/home.go:17
[2.169ms] [rows:1] SELECT `account`.`id`,`account`.`account`,`account`.`passwd`,`account`.`method`,`account`.`locked`,`account`.`created_at`,`account`.`updated_at` FROM `account` WHERE id = 1 ORDER BY `account`.`id` LIMIT 1
2024/07/13 20:56:55 /Users/superman/Server/src/github.com/chaodoing/boot/http/common/home.go:17 Error 1146 (42S02): Table 'admin.administrator' doesn't exist
[1.214ms] [rows:0] SELECT `administrator`.`id`,`administrator`.`role_id`,`administrator`.`avatar`,`administrator`.`full_name`,`administrator`.`username`,`administrator`.`password`,`administrator`.`gender`,`administrator`.`locked`,`administrator`.`create_at`,`administrator`.`update_at` FROM `administrator` WHERE id = 1 ORDER BY `administrator`.`id` LIMIT 1
2024/07/13 20:57:55 /Users/superman/Server/src/github.com/chaodoing/boot/http/common/home.go:17
[1.188ms] [rows:1] SELECT `administrator`.`id`,`administrator`.`role_id`,`administrator`.`avatar`,`administrator`.`full_name`,`administrator`.`username`,`administrator`.`password`,`administrator`.`gender`,`administrator`.`locked`,`administrator`.`create_at`,`administrator`.`update_at` FROM `administrator` WHERE id = 1 ORDER BY `administrator`.`id` LIMIT 1
2024/07/13 20:58:08 /Users/superman/Server/src/github.com/chaodoing/boot/http/common/home.go:17
[1.870ms] [rows:1] SELECT `administrator`.`id`,`administrator`.`role_id`,`administrator`.`avatar`,`administrator`.`full_name`,`administrator`.`username`,`administrator`.`password`,`administrator`.`gender`,`administrator`.`locked`,`administrator`.`create_at`,`administrator`.`update_at` FROM `administrator` WHERE id = 1 ORDER BY `administrator`.`id` LIMIT 1
2024/07/13 20:58:19 /Users/superman/Server/src/github.com/chaodoing/boot/http/common/home.go:17
[1.131ms] [rows:1] SELECT `administrator`.`id`,`administrator`.`role_id`,`administrator`.`avatar`,`administrator`.`full_name`,`administrator`.`username`,`administrator`.`password`,`administrator`.`gender`,`administrator`.`locked`,`administrator`.`create_at`,`administrator`.`update_at` FROM `administrator` WHERE id = 1
2024/07/13 20:58:38 /Users/superman/Server/src/github.com/chaodoing/boot/http/common/home.go:17
[0.878ms] [rows:2] SELECT `administrator`.`id`,`administrator`.`role_id`,`administrator`.`avatar`,`administrator`.`full_name`,`administrator`.`username`,`administrator`.`password`,`administrator`.`gender`,`administrator`.`locked`,`administrator`.`create_at`,`administrator`.`update_at` FROM `administrator`
2024/07/13 20:59:22 /Users/superman/Server/src/github.com/chaodoing/boot/http/common/home.go:17
[1.151ms] [rows:2] SELECT `administrator`.`id`,`administrator`.`role_id`,`administrator`.`avatar`,`administrator`.`full_name`,`administrator`.`username`,`administrator`.`password`,`administrator`.`gender`,`administrator`.`locked`,`administrator`.`create_at`,`administrator`.`update_at` FROM `administrator`
2024/07/13 21:19:16 /Users/superman/Server/src/github.com/chaodoing/boot/http/common/home.go:17
[2.276ms] [rows:2] SELECT `administrator`.`id`,`administrator`.`role_id`,`administrator`.`avatar`,`administrator`.`full_name`,`administrator`.`username`,`administrator`.`password`,`administrator`.`gender`,`administrator`.`locked`,`administrator`.`create_at`,`administrator`.`update_at` FROM `administrator`
2024/07/13 21:19:19 /Users/superman/Server/src/github.com/chaodoing/boot/http/common/home.go:17
[0.908ms] [rows:2] SELECT `administrator`.`id`,`administrator`.`role_id`,`administrator`.`avatar`,`administrator`.`full_name`,`administrator`.`username`,`administrator`.`password`,`administrator`.`gender`,`administrator`.`locked`,`administrator`.`create_at`,`administrator`.`update_at` FROM `administrator`
2024/07/13 21:32:30 /Users/superman/Server/src/github.com/chaodoing/boot/http/common/home.go:17
[1.437ms] [rows:2] SELECT `administrator`.`id`,`administrator`.`role_id`,`administrator`.`avatar`,`administrator`.`full_name`,`administrator`.`username`,`administrator`.`password`,`administrator`.`gender`,`administrator`.`locked`,`administrator`.`create_at`,`administrator`.`update_at` FROM `administrator`
